2019-09-10 15:01:25.5743  Microsoft.AspNetCore.DataProtection.KeyManagement.XmlKeyManager User profile is available. Using 'C:\Users\rupawar\AppData\Local\ASP.NET\DataProtection-Keys' as key repository and Windows DPAPI to encrypt keys at rest.
2019-09-10 15:01:26.3102 1 Microsoft.AspNetCore.Hosting.Internal.WebHost Request starting HTTP/1.1 GET http://localhost:54100/api/values  
2019-09-10 15:01:26.3519 3 Microsoft.AspNetCore.HttpsPolicy.HttpsRedirectionMiddleware Failed to determine the https port for redirect.
2019-09-10 15:01:26.4284 0 Microsoft.AspNetCore.Routing.EndpointMiddleware Executing endpoint 'DemoWebAPI.Controllers.ValuesController.Get (DemoWebAPI)'
2019-09-10 15:01:26.4602 3 Microsoft.AspNetCore.Mvc.Internal.ControllerActionInvoker Route matched with {action = "Get", controller = "Values"}. Executing controller action with signature Microsoft.AspNetCore.Mvc.ActionResult`1[System.Collections.Generic.IEnumerable`1[System.String]] Get() on controller DemoWebAPI.Controllers.ValuesController (DemoWebAPI).
2019-09-10 15:01:26.4771 1 Microsoft.AspNetCore.Mvc.Internal.ControllerActionInvoker Executing action method DemoWebAPI.Controllers.ValuesController.Get (DemoWebAPI) - Validation state: Valid
2019-09-10 15:01:26.4845 2 Microsoft.AspNetCore.Mvc.Internal.ControllerActionInvoker Executed action method DemoWebAPI.Controllers.ValuesController.Get (DemoWebAPI), returned result Microsoft.AspNetCore.Mvc.ObjectResult in 0.4293ms.
2019-09-10 15:01:26.4967 1 Microsoft.AspNetCore.Mvc.Infrastructure.ObjectResultExecutor Executing ObjectResult, writing value of type 'System.String[]'.
2019-09-10 15:01:26.5836 2 Microsoft.AspNetCore.Mvc.Internal.ControllerActionInvoker Executed action DemoWebAPI.Controllers.ValuesController.Get (DemoWebAPI) in 114.0458ms
2019-09-10 15:01:26.5911 1 Microsoft.AspNetCore.Routing.EndpointMiddleware Executed endpoint 'DemoWebAPI.Controllers.ValuesController.Get (DemoWebAPI)'
2019-09-10 15:01:26.5911 2 Microsoft.AspNetCore.Hosting.Internal.WebHost Request finished in 291.9765ms 200 application/json; charset=utf-8
2019-09-10 15:01:59.5305 1 Microsoft.AspNetCore.Hosting.Internal.WebHost Request starting HTTP/1.1 GET http://localhost:54100/api/home  
2019-09-10 15:01:59.5305 0 Microsoft.AspNetCore.Routing.EndpointMiddleware Executing endpoint 'DemoWebAPI.Controllers.HomeController.Get (DemoWebAPI)'
2019-09-10 15:01:59.5434 3 Microsoft.AspNetCore.Mvc.Internal.ControllerActionInvoker Route matched with {action = "Get", controller = "Home"}. Executing controller action with signature Microsoft.AspNetCore.Mvc.ActionResult`1[System.Collections.Generic.IEnumerable`1[DemoWebAPI.Model.Book]] Get() on controller DemoWebAPI.Controllers.HomeController (DemoWebAPI).
2019-09-10 15:01:59.5434 1 Microsoft.AspNetCore.Mvc.Internal.ControllerActionInvoker Executing action method DemoWebAPI.Controllers.HomeController.Get (DemoWebAPI) - Validation state: Valid
2019-09-10 15:01:59.5829 2 Microsoft.AspNetCore.Mvc.Internal.ControllerActionInvoker Executed action method DemoWebAPI.Controllers.HomeController.Get (DemoWebAPI), returned result Microsoft.AspNetCore.Mvc.OkObjectResult in 30.586ms.
2019-09-10 15:01:59.5829 1 Microsoft.AspNetCore.Mvc.Infrastructure.ObjectResultExecutor Executing ObjectResult, writing value of type 'System.Collections.Generic.List`1[[DemoWebAPI.Model.Book, DemoWebAPI, Version=1.0.0.0, Culture=neutral, PublicKeyToken=null]]'.
2019-09-10 15:01:59.5947 2 Microsoft.AspNetCore.Mvc.Internal.ControllerActionInvoker Executed action DemoWebAPI.Controllers.HomeController.Get (DemoWebAPI) in 47.7144ms
2019-09-10 15:01:59.5947 1 Microsoft.AspNetCore.Routing.EndpointMiddleware Executed endpoint 'DemoWebAPI.Controllers.HomeController.Get (DemoWebAPI)'
2019-09-10 15:01:59.6052 2 Microsoft.AspNetCore.Hosting.Internal.WebHost Request finished in 74.6823ms 200 application/json; charset=utf-8
2019-09-10 15:18:23.8895  Microsoft.AspNetCore.DataProtection.KeyManagement.XmlKeyManager User profile is available. Using 'C:\Users\rupawar\AppData\Local\ASP.NET\DataProtection-Keys' as key repository and Windows DPAPI to encrypt keys at rest.
2019-09-10 15:18:24.7595 1 Microsoft.AspNetCore.Hosting.Internal.WebHost Request starting HTTP/1.1 DELETE http://localhost:54100/api/home/10 application/json 94
2019-09-10 15:18:24.7900 3 Microsoft.AspNetCore.HttpsPolicy.HttpsRedirectionMiddleware Failed to determine the https port for redirect.
2019-09-10 15:18:24.8731 0 Microsoft.AspNetCore.Routing.EndpointMiddleware Executing endpoint 'DemoWebAPI.Controllers.HomeController.Delete (DemoWebAPI)'
2019-09-10 15:18:24.9316 3 Microsoft.AspNetCore.Mvc.Internal.ControllerActionInvoker Route matched with {action = "Delete", controller = "Home"}. Executing controller action with signature Microsoft.AspNetCore.Mvc.ActionResult`1[System.Collections.Generic.IEnumerable`1[System.String]] Delete(Int32) on controller DemoWebAPI.Controllers.HomeController (DemoWebAPI).
2019-09-10 15:18:25.1369 1 Microsoft.AspNetCore.Mvc.Internal.ControllerActionInvoker Executing action method DemoWebAPI.Controllers.HomeController.Delete (DemoWebAPI) - Validation state: Valid
2019-09-10 15:18:25.3255 2 Microsoft.AspNetCore.Mvc.Internal.ControllerActionInvoker Executed action method DemoWebAPI.Controllers.HomeController.Delete (DemoWebAPI), returned result Microsoft.AspNetCore.Mvc.BadRequestObjectResult in 176.1993ms.
2019-09-10 15:18:25.3466 1 Microsoft.AspNetCore.Mvc.Infrastructure.ObjectResultExecutor Executing ObjectResult, writing value of type 'System.Collections.Generic.List`1[[System.String, System.Private.CoreLib, Version=4.0.0.0, Culture=neutral, PublicKeyToken=7cec85d7bea7798e]]'.
2019-09-10 15:18:25.4099 2 Microsoft.AspNetCore.Mvc.Internal.ControllerActionInvoker Executed action DemoWebAPI.Controllers.HomeController.Delete (DemoWebAPI) in 465.4249ms
2019-09-10 15:18:25.4152 1 Microsoft.AspNetCore.Routing.EndpointMiddleware Executed endpoint 'DemoWebAPI.Controllers.HomeController.Delete (DemoWebAPI)'
2019-09-10 15:18:25.4152 2 Microsoft.AspNetCore.Hosting.Internal.WebHost Request finished in 669.7195ms 400 application/json; charset=utf-8
2019-09-10 15:18:28.7085 1 Microsoft.AspNetCore.Hosting.Internal.WebHost Request starting HTTP/1.1 GET http://localhost:54100/api/home/10 application/json 94
2019-09-10 15:18:28.7193 0 Microsoft.AspNetCore.Routing.EndpointMiddleware Executing endpoint 'DemoWebAPI.Controllers.HomeController.Get (DemoWebAPI)'
2019-09-10 15:18:28.7193 3 Microsoft.AspNetCore.Mvc.Internal.ControllerActionInvoker Route matched with {action = "Get", controller = "Home"}. Executing controller action with signature Microsoft.AspNetCore.Mvc.ActionResult`1[System.Collections.Generic.IEnumerable`1[DemoWebAPI.Model.Book]] Get(Int32) on controller DemoWebAPI.Controllers.HomeController (DemoWebAPI).
2019-09-10 15:18:28.7313 1 Microsoft.AspNetCore.Mvc.Internal.ControllerActionInvoker Executing action method DemoWebAPI.Controllers.HomeController.Get (DemoWebAPI) - Validation state: Valid
2019-09-10 15:18:28.7313 2 Microsoft.AspNetCore.Mvc.Internal.ControllerActionInvoker Executed action method DemoWebAPI.Controllers.HomeController.Get (DemoWebAPI), returned result Microsoft.AspNetCore.Mvc.BadRequestObjectResult in 3.0577ms.
2019-09-10 15:18:28.7441 1 Microsoft.AspNetCore.Mvc.Infrastructure.ObjectResultExecutor Executing ObjectResult, writing value of type 'System.Collections.Generic.List`1[[System.String, System.Private.CoreLib, Version=4.0.0.0, Culture=neutral, PublicKeyToken=7cec85d7bea7798e]]'.
2019-09-10 15:18:28.7441 2 Microsoft.AspNetCore.Mvc.Internal.ControllerActionInvoker Executed action DemoWebAPI.Controllers.HomeController.Get (DemoWebAPI) in 18.9515ms
2019-09-10 15:18:28.7692 1 Microsoft.AspNetCore.Routing.EndpointMiddleware Executed endpoint 'DemoWebAPI.Controllers.HomeController.Get (DemoWebAPI)'
2019-09-10 15:18:28.7692 2 Microsoft.AspNetCore.Hosting.Internal.WebHost Request finished in 63.6781ms 400 application/json; charset=utf-8
2019-09-10 15:18:33.9318 1 Microsoft.AspNetCore.Hosting.Internal.WebHost Request starting HTTP/1.1 GET http://localhost:54100/api/home application/json 94
2019-09-10 15:18:33.9318 0 Microsoft.AspNetCore.Routing.EndpointMiddleware Executing endpoint 'DemoWebAPI.Controllers.HomeController.Get (DemoWebAPI)'
2019-09-10 15:18:33.9318 3 Microsoft.AspNetCore.Mvc.Internal.ControllerActionInvoker Route matched with {action = "Get", controller = "Home"}. Executing controller action with signature Microsoft.AspNetCore.Mvc.ActionResult`1[System.Collections.Generic.IEnumerable`1[DemoWebAPI.Model.Book]] Get() on controller DemoWebAPI.Controllers.HomeController (DemoWebAPI).
2019-09-10 15:18:33.9579 1 Microsoft.AspNetCore.Mvc.Internal.ControllerActionInvoker Executing action method DemoWebAPI.Controllers.HomeController.Get (DemoWebAPI) - Validation state: Valid
2019-09-10 15:18:33.9628 2 Microsoft.AspNetCore.Mvc.Internal.ControllerActionInvoker Executed action method DemoWebAPI.Controllers.HomeController.Get (DemoWebAPI), returned result Microsoft.AspNetCore.Mvc.OkObjectResult in 1.971ms.
2019-09-10 15:18:33.9628 1 Microsoft.AspNetCore.Mvc.Infrastructure.ObjectResultExecutor Executing ObjectResult, writing value of type 'System.Collections.Generic.List`1[[DemoWebAPI.Model.Book, DemoWebAPI, Version=1.0.0.0, Culture=neutral, PublicKeyToken=null]]'.
2019-09-10 15:18:33.9628 2 Microsoft.AspNetCore.Mvc.Internal.ControllerActionInvoker Executed action DemoWebAPI.Controllers.HomeController.Get (DemoWebAPI) in 17.0849ms
2019-09-10 15:18:33.9780 1 Microsoft.AspNetCore.Routing.EndpointMiddleware Executed endpoint 'DemoWebAPI.Controllers.HomeController.Get (DemoWebAPI)'
2019-09-10 15:18:33.9780 2 Microsoft.AspNetCore.Hosting.Internal.WebHost Request finished in 55.1028ms 200 application/json; charset=utf-8
2019-09-10 15:18:40.9757 1 Microsoft.AspNetCore.Hosting.Internal.WebHost Request starting HTTP/1.1 GET http://localhost:54100/api/home/-09 application/json 94
2019-09-10 15:18:40.9815 0 Microsoft.AspNetCore.Routing.EndpointMiddleware Executing endpoint 'DemoWebAPI.Controllers.HomeController.Get (DemoWebAPI)'
2019-09-10 15:18:40.9815 3 Microsoft.AspNetCore.Mvc.Internal.ControllerActionInvoker Route matched with {action = "Get", controller = "Home"}. Executing controller action with signature Microsoft.AspNetCore.Mvc.ActionResult`1[System.Collections.Generic.IEnumerable`1[DemoWebAPI.Model.Book]] Get(Int32) on controller DemoWebAPI.Controllers.HomeController (DemoWebAPI).
2019-09-10 15:18:40.9815 1 Microsoft.AspNetCore.Mvc.Internal.ControllerActionInvoker Executing action method DemoWebAPI.Controllers.HomeController.Get (DemoWebAPI) - Validation state: Valid
2019-09-10 15:18:40.9815 2 Microsoft.AspNetCore.Mvc.Internal.ControllerActionInvoker Executed action method DemoWebAPI.Controllers.HomeController.Get (DemoWebAPI), returned result Microsoft.AspNetCore.Mvc.BadRequestObjectResult in 0.985ms.
2019-09-10 15:18:40.9999 1 Microsoft.AspNetCore.Mvc.Infrastructure.ObjectResultExecutor Executing ObjectResult, writing value of type 'System.Collections.Generic.List`1[[System.String, System.Private.CoreLib, Version=4.0.0.0, Culture=neutral, PublicKeyToken=7cec85d7bea7798e]]'.
2019-09-10 15:18:40.9999 2 Microsoft.AspNetCore.Mvc.Internal.ControllerActionInvoker Executed action DemoWebAPI.Controllers.HomeController.Get (DemoWebAPI) in 15.9402ms
2019-09-10 15:18:40.9999 1 Microsoft.AspNetCore.Routing.EndpointMiddleware Executed endpoint 'DemoWebAPI.Controllers.HomeController.Get (DemoWebAPI)'
2019-09-10 15:18:41.0110 2 Microsoft.AspNetCore.Hosting.Internal.WebHost Request finished in 35.3435ms 400 application/json; charset=utf-8
2019-09-10 15:19:11.0043 1 Microsoft.AspNetCore.Hosting.Internal.WebHost Request starting HTTP/1.1 POST http://localhost:54100/api/home/ application/json 84
2019-09-10 15:19:11.0043 0 Microsoft.AspNetCore.Routing.EndpointMiddleware Executing endpoint 'DemoWebAPI.Controllers.HomeController.Post (DemoWebAPI)'
2019-09-10 15:19:11.0143 3 Microsoft.AspNetCore.Mvc.Internal.ControllerActionInvoker Route matched with {action = "Post", controller = "Home"}. Executing controller action with signature Microsoft.AspNetCore.Mvc.ActionResult`1[System.Collections.Generic.IEnumerable`1[System.String]] Post(DemoWebAPI.Model.Book) on controller DemoWebAPI.Controllers.HomeController (DemoWebAPI).
2019-09-10 15:19:11.1311 1 Microsoft.AspNetCore.Mvc.Infrastructure.ObjectResultExecutor Executing ObjectResult, writing value of type 'Microsoft.AspNetCore.Mvc.ValidationProblemDetails'.
2019-09-10 15:19:11.1589 2 Microsoft.AspNetCore.Mvc.Internal.ControllerActionInvoker Executed action DemoWebAPI.Controllers.HomeController.Post (DemoWebAPI) in 140.2336ms
2019-09-10 15:19:11.1684 1 Microsoft.AspNetCore.Routing.EndpointMiddleware Executed endpoint 'DemoWebAPI.Controllers.HomeController.Post (DemoWebAPI)'
2019-09-10 15:19:11.1684 2 Microsoft.AspNetCore.Hosting.Internal.WebHost Request finished in 169.3285ms 400 application/problem+json; charset=utf-8
